<?xml version="1.0" encoding="UTF-8"?>
<testsuite name="MTStressTest" tests="1" skipped="0" failures="0" errors="0" timestamp="2023-01-19T21:41:18" hostname="GIGIGIGI" time="12.148">
  <properties/>
  <testcase name="testStress" classname="MTStressTest" time="12.148"/>
  <system-out><![CDATA[Phase # 1 - done    676,343 ops (warm up)
Phase # 2 - done  2,368,333 ops (warm up)
Phase # 3 - done      9,034 ops (warm up)
Phase # 4 - done     91,260 ops (warm up)
Phase # 5 - done     26,791 ops (warm up)
Phase # 6 - done      2,495 ops (measure)
Phase # 7 - done      2,140 ops (measure)
Phase # 8 - done     25,170 ops (measure)
Phase # 9 - done      3,730 ops (measure)
Phase #10 - done     10,369 ops (measure)
Average ops per phase: 8,781 +- 9,750
]]></system-out>
  <system-err><![CDATA[]]></system-err>
</testsuite>
